-5p Request method:	GET
Request URI:	http://petstore.swagger.io/v2/pet/827176
Proxy:			<none>
Request params:	<none>
Query params:	<none>
Form params:	<none>
Path params:	<none>
Headers:		api_key=252525
				Accept=*/*
				Content-Type=application/json; charset=UTF-8
Cookies:		<none>
Multiparts:		<none>
Body:			<none>
HTTP/1.1 404 Not Found
Date: Wed, 04 Sep 2019 06:25:38 GMT
Access-Control-Allow-Origin: *
Access-Control-Allow-Methods: GET, POST, DELETE, PUT
Access-Control-Allow-Headers: Content-Type, api_key, Authorization
Content-Type: application/json
Connection: close
Server: Jetty(9.2.9.v20150224)

{"code":1,"type":"error","message":"Pet not found"}

-5p Request method:	GET
Request URI:	http://petstore.swagger.io/v2/pet/471548
Proxy:			<none>
Request params:	<none>
Query params:	<none>
Form params:	<none>
Path params:	<none>
Headers:		api_key=252525
				Accept=*/*
				Content-Type=application/json; charset=UTF-8
Cookies:		<none>
Multiparts:		<none>
Body:			<none>
HTTP/1.1 404 Not Found
Date: Mon, 09 Sep 2019 06:18:56 GMT
Access-Control-Allow-Origin: *
Access-Control-Allow-Methods: GET, POST, DELETE, PUT
Access-Control-Allow-Headers: Content-Type, api_key, Authorization
Content-Type: application/json
Connection: close
Server: Jetty(9.2.9.v20150224)

{"code":1,"type":"error","message":"Pet not found"}

