-5p Request method:	POST
Request URI:	http://petstore.swagger.io/v2/pet/827176/uploadImage
Proxy:			<none>
Request params:	<none>
Query params:	<none>
Form params:	<none>
Path params:	id=827176
Headers:		api_key=252525
				Accept=*/*
				Content-Type=multipart/form-data
Cookies:		<none>
Multiparts:		------------
				Content-Disposition: form-data; name = file; filename = PetPicture.jpg
				Content-Type: application/octet-stream

				C:\Users\?????\Desktop\PetPicture.jpg
Body:			<none>
HTTP/1.1 200 OK
Date: Wed, 04 Sep 2019 06:25:41 GMT
Access-Control-Allow-Origin: *
Access-Control-Allow-Methods: GET, POST, DELETE, PUT
Access-Control-Allow-Headers: Content-Type, api_key, Authorization
Content-Type: application/json
Connection: close
Server: Jetty(9.2.9.v20150224)

{"code":200,"type":"unknown","message":"additionalMetadata: null\nFile uploaded to ./PetPicture.jpg, 34424 bytes"}

-5p Request method:	POST
Request URI:	http://petstore.swagger.io/v2/pet/471548/uploadImage
Proxy:			<none>
Request params:	<none>
Query params:	<none>
Form params:	<none>
Path params:	id=471548
Headers:		api_key=252525
				Accept=*/*
				Content-Type=multipart/form-data
Cookies:		<none>
Multiparts:		------------
				Content-Disposition: form-data; name = file; filename = PetPicture.jpg
				Content-Type: application/octet-stream

				C:\Users\?????\Desktop\PetPicture.jpg
Body:			<none>
HTTP/1.1 200 OK
Date: Mon, 09 Sep 2019 06:18:59 GMT
Access-Control-Allow-Origin: *
Access-Control-Allow-Methods: GET, POST, DELETE, PUT
Access-Control-Allow-Headers: Content-Type, api_key, Authorization
Content-Type: application/json
Connection: close
Server: Jetty(9.2.9.v20150224)

{"code":200,"type":"unknown","message":"additionalMetadata: null\nFile uploaded to ./PetPicture.jpg, 34424 bytes"}

